Klaude - AI Coding Assistant
Type 'exit' or 'quit' to end the session.

You: 今天几月几号？
╭─────────────────────────────────────────────────────────────────────────────────────────── User ───────────────────────────────────────────────────────────────────────────────────────────╮
│ 今天几月几号？                                                                                                                                                                             │
╰────────────────────────────────────────────────────────────────────────────────────────────────────────────────────────────────────────────────────────────────────────────────────────────╯
╭──────────────────────────────────────────────────────────────────────────────────────── Assistant ─────────────────────────────────────────────────────────────────────────────────────────╮
│ 2025年8月3日                                                                                                                                                                               │
╰────────────────────────────────────────────────────────────────────────────────────────────────────────────────────────────────────────────────────────────────────────────────────────────╯

You: 今天有什么新闻？
╭─────────────────────────────────────────────────────────────────────────────────────────── User ───────────────────────────────────────────────────────────────────────────────────────────╮
│ 今天有什么新闻？                                                                                                                                                                           │
╰────────────────────────────────────────────────────────────────────────────────────────────────────────────────────────────────────────────────────────────────────────────────────────────╯

Executing WebSearch:
╭───────────────────────────────────────────────────────────────────────────────────── WebSearch Output ─────────────────────────────────────────────────────────────────────────────────────╮
│ Web search results for query: "2025年8月3日 新闻"                                                                                                                                          │
│                                                                                                                                                                                            │
│ 1. 俄乌战争：第1256天关键事件概述 - 半岛电视台                                                                                                                                             │
│    URL: https://chinese.aljazeera.net/news/2025/8/3/%E4%BF%84%E4%B9%8C%E6%88%98%E4%BA%89%E7%AC%AC1256%E5%A4%A9%E5%85%B3%E9%94%AE%E4%BA%8B%E4%BB%B6%E6%A6%82%E8%BF%B0                       │
│    Summary: 基辅军政部门在Telegram上发布消息警告乌克兰首都居民周六晚间寻求庇护，因为一架搭载俄罗斯“匕首”空射弹道导弹的俄罗斯米格-31K 战机起飞。                                            │
│    Date: 3 hours ago                                                                                                                                                                       │
│                                                                                                                                                                                            │
│ 2. 正当时：2025年8月3日 - 新华网                                                                                                                                                           │
│    URL: http://www.news.cn/government/20250803/d23b31ef92f040c7a40c495541d5c052/c.html                                                                                                     │
│    Summary: 正当时：2025年8月3日-                                                                                                                                                          │
│    Date: 11 hours ago                                                                                                                                                                      │
│                                                                                                                                                                                            │
│ 3. 中央气象台升级发布暴雨橙色预警高温橙色预警 - 中国气象局                                                                                                                                 │
│    URL: https://www.cma.gov.cn/2011xwzx/2011xqxxw/2011xqxyw/202508/t20250803_7252225.html                                                                                                  │
│    Summary: 8月3日白天，辽宁中东部、吉林东南部、青海东北部及浙江中部、福建南部、广东北部和东部沿海、广西东北部、台湾岛西南部等地部分地区出现大到暴雨，广东 ...                             │
│    Date: 55 minutes ago                                                                                                                                                                    │
│                                                                                                                                                                                            │
│ 4. C视觉·每日一图丨峨眉山：冒雨采黄花（2025年8月3日） - 四川新闻                                                                                                                           │
│    URL: https://sichuan.scol.com.cn/ggxw/202508/83094732.html                                                                                                                              │
│    Summary: C视觉·每日一图丨峨眉山：冒雨采黄花（2025年8月3日） · 四川日报全媒体视觉中心出品 · 策划 ︱ 毛漫丁 喻茂 谭曦 · 执行 ︱杨吉祥 · 海报设计 ︱ 何涛 · C视觉签约 ...                  │
│    Date: 2 hours ago                                                                                                                                                                       │
│                                                                                                                                                                                            │
│ 5. 转播| 2025年8月3日浙江新闻联播                                                                                                                                                          │
│    URL: https://zjnews.zjol.com.cn/zjnews/202508/t20250803_31151100.shtml                                                                                                                  │
│    Summary: 转播| 2025年8月3日浙江新闻联播. 字体： 小 中 大. —2025—. 08/03. 18:29:42. 2025-08-03 18:29:42 来源：浙江卫视. 分享新闻卡片. 播放视频. 暂无直播.                                │
│    Date: 41 minutes ago                                                                                                                                                                    │
│                                                                                                                                                                                            │
│ 6. 【重溫】2025年8月3日新聞天地                                                                                                                                                            │
│    URL: https://hk.news.yahoo.com/%E9%87%8D%E6%BA%AB-2025%E5%B9%B48%E6%9C%883%E6%97%A5%E6%96%B0%E8%81%9E%E5%A4%A9%E5%9C%B0-102902053.html                                                  │
│    Summary: 1. 少年錯付巨額車費自殺亡司機首解畫 · 2. 元朗男子被偷銀包醒目賊人用一招「自動增值」八達通再到便利店消費 · 3. 港姐施宇琪被指貌似張柏芝成大熱家族 ...                            │
│    Date: 41 minutes ago                                                                                                                                                                    │
│                                                                                                                                                                                            │
│ 7. 央视新闻｜ 经济随笔丨读懂中央政治局会议精神里的发力与加力                                                                                                                               │
│    URL: https://swt.hubei.gov.cn/stdt/mtjj/202508/t20250803_5737330.shtml                                                                                                                  │
│    Summary: 2025-08-03 15:39 | 央视新闻. 7月30日召开的中共中央政治局会议，在分析研究当前经济形势、部署下半年经济工作时，提出“宏观政策要持续发力、适时加力”。                               │
│    Date: 4 hours ago                                                                                                                                                                       │
│                                                                                                                                                                                            │
│ 8. 经济日报2025年08月03日要闻                                                                                                                                                              │
│    URL: http://paper.ce.cn/pc/layout/202508/03/node_02.html                                                                                                                                │
│    Summary: 图片新闻 · 中国品牌扬帆海外 · 强村共富有“粮计” · 草原上的抗日英雄 · 碧血长空铸英魂. 03版综合. 破数据墙畅办事路 · 筑牢企业信用保护屏障 · 香港、 ...                             │
│    Date: 12 hours ago                                                                                                                                                                      │
│                                                                                                                                                                                            │
│ 9. 北京市气象台2025年8月3日10时20分继续发布暴雨蓝色预警信号                                                                                                                                │
│    URL: https://yjglj.beijing.gov.cn/art/2025/8/3/art_2472_688584.html                                                                                                                     │
│    Summary: 市气象台2025年8月3日10时20分继续发布暴雨蓝色预警信号：预计8月4日14时至5日08时，我市有较强降雨过程，大部分地区累计雨量可达50毫米以上，沿山个别点 ...                            │
│    Date: 9 hours ago                                                                                                                                                                       │
│                                                                                                                                                                                            │
│ 10. 贺兰县综合执法局与贺兰县气象局2025年8月3日12 时00 分联合发布 ...                                                                                                                       │
│    URL: http://www.nxhl.gov.cn/jrhl/hlqx/202508/t20250803_4979393.html                                                                                                                     │
│    Summary: 为此，贺兰县综合执法局与贺兰县气象局2025年8月3日12 时00 分联合发布城市暴雨积涝气象风险黄色预警（三级）：预计8月3 日18 时到4 日20 时，贺兰县全部街道和 ...                      │
│    Date: 7 hours ago                                                                                                                                                                       │
│                                                                                                                                                                                            │
│ Links: [{"title": "\u4fc4\u4e4c\u6218\u4e89\uff1a\u7b2c1256\u5929\u5173\u952e\u4e8b\u4ef6\u6982\u8ff0 - \u534a\u5c9b\u7535\u89c6\u53f0", "url":                                            │
│ "https://chinese.aljazeera.net/news/2025/8/3/%E4%BF%84%E4%B9%8C%E6%88%98%E4%BA%89%E7%AC%AC1256%E5%A4%A9%E5%85%B3%E9%94%AE%E4%BA%8B%E4%BB%B6%E6%A6%82%E8%BF%B0"}, {"title":                 │
│ "\u6b63\u5f53\u65f6\uff1a2025\u5e748\u67083\u65e5 - \u65b0\u534e\u7f51", "url": "http://www.news.cn/government/20250803/d23b31ef92f040c7a40c495541d5c052/c.html"}, {"title":               │
│ "\u4e2d\u592e\u6c14\u8c61\u53f0\u5347\u7ea7\u53d1\u5e03\u66b4\u96e8\u6a59\u8272\u9884\u8b66\u9ad8\u6e29\u6a59\u8272\u9884\u8b66 - \u4e2d\u56fd\u6c14\u8c61\u5c40", "url":                  │
│ "https://www.cma.gov.cn/2011xwzx/2011xqxxw/2011xqxyw/202508/t20250803_7252225.html"}, {"title":                                                                                            │
│ "C\u89c6\u89c9\u00b7\u6bcf\u65e5\u4e00\u56fe\u4e28\u5ce8\u7709\u5c71\uff1a\u5192\u96e8\u91c7\u9ec4\u82b1\uff082025\u5e748\u67083\u65e5\uff09 - \u56db\u5ddd\u65b0\u95fb", "url":           │
│ "https://sichuan.scol.com.cn/ggxw/202508/83094732.html"}, {"title": "\u8f6c\u64ad| 2025\u5e748\u67083\u65e5\u6d59\u6c5f\u65b0\u95fb\u8054\u64ad", "url":                                   │
│ "https://zjnews.zjol.com.cn/zjnews/202508/t20250803_31151100.shtml"}, {"title": "\u3010\u91cd\u6eab\u30112025\u5e748\u67083\u65e5\u65b0\u805e\u5929\u5730", "url":                         │
│ "https://hk.news.yahoo.com/%E9%87%8D%E6%BA%AB-2025%E5%B9%B48%E6%9C%883%E6%97%A5%E6%96%B0%E8%81%9E%E5%A4%A9%E5%9C%B0-102902053.html"}, {"title": "\u592e\u89c6\u65b0\u95fb\uff5c            │
│ \u7ecf\u6d4e\u968f\u7b14\u4e28\u8bfb\u61c2\u4e2d\u592e\u653f\u6cbb\u5c40\u4f1a\u8bae\u7cbe\u795e\u91cc\u7684\u53d1\u529b\u4e0e\u52a0\u529b", "url":                                        │
│ "https://swt.hubei.gov.cn/stdt/mtjj/202508/t20250803_5737330.shtml"}, {"title": "\u7ecf\u6d4e\u65e5\u62a52025\u5e7408\u670803\u65e5\u8981\u95fb", "url":                                   │
│ "http://paper.ce.cn/pc/layout/202508/03/node_02.html"}, {"title":                                                                                                                          │
│ "\u5317\u4eac\u5e02\u6c14\u8c61\u53f02025\u5e748\u67083\u65e510\u65f620\u5206\u7ee7\u7eed\u53d1\u5e03\u66b4\u96e8\u84dd\u8272\u9884\u8b66\u4fe1\u53f7", "url":                             │
│ "https://yjglj.beijing.gov.cn/art/2025/8/3/art_2472_688584.html"}, {"title":                                                                                                               │
│ "\u8d3a\u5170\u53bf\u7efc\u5408\u6267\u6cd5\u5c40\u4e0e\u8d3a\u5170\u53bf\u6c14\u8c61\u5c402025\u5e748\u67083\u65e512 \u65f600 \u5206\u8054\u5408\u53d1\u5e03 ...", "url":                 │
│ "http://www.nxhl.gov.cn/jrhl/hlqx/202508/t20250803_4979393.html"}]                                                                                                                         │
│                                                                                                                                                                                            │
│ Based on the search results, here's what I found:                                                                                                                                          │
│ Found 10 results for '2025年8月3日 新闻'.                                                                                                                                                  │
╰────────────────────────────────────────────────────────────────────────────────────────────────────────────────────────────────────────────────────────────────────────────────────────────╯
╭──────────────────────────────────────────────────────────────────────────────────────── Assistant ─────────────────────────────────────────────────────────────────────────────────────────╮
│                                                                                                                                                                                            │
│  1 俄乌战争：第1256天关键事件概述                                                                                                                                                          │
│  2 中央气象台升级发布暴雨橙色预警高温橙色预警                                                                                                                                              │
│  3 北京市气象台继续发布暴雨蓝色预警信号                                                                                                                                                    │
╰────────────────────────────────────────────────────────────────────────────────────────────────────────────────────────────────────────────────────────────────────────────────────────────╯

You: 展开讲一下 中央气象台升级发布暴雨橙色预警高温橙色预警 这个新闻，网页里有什么内容？
╭─────────────────────────────────────────────────────────────────────────────────────────── User ───────────────────────────────────────────────────────────────────────────────────────────╮
│ 展开讲一下 中央气象台升级发布暴雨橙色预警高温橙色预警 这个新闻，网页里有什么内容？                                                                                                         │
╰────────────────────────────────────────────────────────────────────────────────────────────────────────────────────────────────────────────────────────────────────────────────────────────╯

Executing WebFetch:
╭───────────────────────────────────────────────────────────────────────────── WebFetch Output ──────────────────────────────────────────────────────────────────────────────╮
│ Fetched content from https://www.cma.gov.cn/2011xwzx/2011xqxxw/2011xqxyw/202508/t20250803_7252225.html                                                                     │
│                                                                                                                                                                            │
│ Analysis based on prompt: '提取中央气象台升级发布暴雨橙色预警高温橙色预警新闻的详细内容'                                                                                   │
│                                                                                                                                                                            │
│ **中央气象台暴雨橙色预警和高温橙色预警详细内容：**                                                                                                                         │
│                                                                                                                                                                            │
│ ### **暴雨橙色预警（2025年8月3日18时发布）**                                                                                                                               │
│ **预警区域与强度：**                                                                                                                                                       │
│ - **时间范围**：8月3日20时至4日20时。                                                                                                                                      │
│ - **影响地区**：青海东部、甘肃中部、宁夏大部、陕西北部、内蒙古河套地区、山西中北部、河北西部和中南部、北京中西部和南部、广西东部、广东、云南西部、台湾岛等地有大到暴雨。   │
│   - **大暴雨**：甘肃中部、宁夏中部、河北中南部、北京西南部、福建东南部、广西东部、广东北部和中东部、云南西部等地局部地区。                                                 │
│   - **特大暴雨**（250-350毫米）：河北中南部沿山地区、广西东部、广东西南部和东部等地。                                                                                      │
│ - **伴随天气**：短时强降水（最大小时雨量20-50毫米，局地超80毫米）、雷暴大风等强对流天气。                                                                                  │
│                                                                                                                                                                            │
│ ### **高温橙色预警（2025年8月3日18时发布）**                                                                                                                               │
│ **预警区域与强度：**                                                                                                                                                       │
│ - **时间范围**：8月4日白天。                                                                                                                                               │
│ - **影响地区**：华北北部、陕西中南部、黄淮大部、江淮、江汉西部、江南中北部、四川盆地、新疆吐鲁番盆地等地有35-39℃高温。                                                     │
│   - **40℃以上区域**：陕西中南部、湖北西部、四川盆地等地局部。                                                                                                              │
│                                                                                                                                                                            │
│ **当前天气实况（8月3日）：**                                                                                                                                               │
│ - **暴雨**：辽宁中东部、吉林东南部、青海东北部、福建南部、广东北部等地出现大暴雨，局地最大小时雨量30-79毫米。                                                              │
│ - **高温**：四川、重庆、陕西等地达40-43.8℃。                                                                                                                               │
│                                                                                                                                                                            │
│ **防御提示：**                                                                                                                                                             │
│ - 暴雨区需防范山洪、地质灾害及城市内涝。                                                                                                                                   │
│ - 高温区注意防暑降温，避免户外作业。                                                                                                                                       │
│                                                                                                                                                                            │
│ （来源：中央气象台，发布时间：2025年8月3日）                                                                                                                               │
╰────────────────────────────────────────────────────────────────────────────────────────────────────────────────────────────────────────────────────────────────────────────╯
╭──────────────────────────────────────────────────────────────────────────────────────── Assistant ─────────────────────────────────────────────────────────────────────────────────────────╮
│ 中央气象台暴雨橙色预警和高温橙色预警详情：                                                                                                                                                 │
│                                                                                                                                                                                            │
│                                                                                        暴雨橙色预警                                                                                        │
│                                                                                                                                                                                            │
│  • 时间：8月3日20时至4日20时。                                                                                                                                                             │
│  • 影响区域：青海东部、甘肃中部、宁夏、陕西北部、内蒙古河套、山西中北部、河北西部/中南部、北京中西部/南部、广西东部、广东、云南西部、台湾岛等地。                                          │
│     • 大暴雨：甘肃中部、宁夏中部、河北中南部、北京西南部、福建东南部、广西东部、广东北部/中东部、云南西部等地。                                                                            │
│     • 特大暴雨（250-350毫米）：河北中南部沿山、广西东部、广东西南部/东部。                                                                                                                 │
│  • 伴随天气：短时强降水（小时雨量20-50毫米，局地超80毫米）、雷暴大风。                                                                                                                     │
│                                                                                                                                                                                            │
│                                                                                        高温橙色预警                                                                                        │
│                                                                                                                                                                                            │
│  • 时间：8月4日白天。                                                                                                                                                                      │
│  • 影响区域：华北北部、陕西中南部、黄淮、江淮、江汉西部、江南中北部、四川盆地、新疆吐鲁番盆地等。                                                                                          │
│     • 40℃以上：陕西中南部、湖北西部、四川盆地局部。                                                                                                                                        │
│                                                                                                                                                                                            │
│ 当前实况（8月3日）：                                                                                                                                                                       │
│                                                                                                                                                                                            │
│  • 暴雨：辽宁中东部、吉林东南部等地出现大暴雨，最大小时雨量79毫米。                                                                                                                        │
│  • 高温：四川、重庆、陕西等地达40-43.8℃。                                                                                                                                                  │
│                                                                                                                                                                                            │
│ 防御建议：                                                                                                                                                                                 │
│                                                                                                                                                                                            │
│  • 暴雨区防范山洪、地质灾害及城市内涝。                                                                                                                                                    │
│  • 高温区减少户外活动，注意防暑。                                                                                                                                                          │
│                                                                                                                                                                                            │
│ （来源：中央气象台）                                                                                                                                                                       │
╰────────────────────────────────────────────────────────────────────────────────────────────────────────────────────────────────────────────────────────────────────────────────────────────╯

You: 